# JRE version: Java(TM) SE Runtime Environment (7.0_67-b01) (build 1.7.0_67-b01)
# Java VM: Java HotSpot(TM) 64-Bit Server VM (24.65-b04 mixed mode windows-amd64 compressed oops)
Heap
 PSYoungGen      total 18944K, used 6067K [0x00000000eb680000, 0x00000000edb80000, 0x0000000100000000)
  eden space 16384K, 22% used [0x00000000eb680000,0x00000000eba0c610,0x00000000ec680000)
  from space 2560K, 95% used [0x00000000ec680000,0x00000000ec8e0740,0x00000000ec900000)
  to   space 2560K, 0% used [0x00000000ed900000,0x00000000ed900000,0x00000000edb80000)
 ParOldGen       total 41984K, used 418K [0x00000000c2400000, 0x00000000c4d00000, 0x00000000eb680000)
  object space 41984K, 0% used [0x00000000c2400000,0x00000000c2468888,0x00000000c4d00000)
 PSPermGen       total 21504K, used 14108K [0x00000000bd200000, 0x00000000be700000, 0x00000000c2400000)
  object space 21504K, 65% used [0x00000000bd200000,0x00000000bdfc70e8,0x00000000be700000)
GC Heap History (6 events):
Event: 1.441 GC heap before
{Heap before GC invocations=1 (full 0):
 PSYoungGen      total 18944K, used 16384K [0x00000000eb680000, 0x00000000ecb80000, 0x0000000100000000)
  eden space 16384K, 100% used [0x00000000eb680000,0x00000000ec680000,0x00000000ec680000)
  from space 2560K, 0% used [0x00000000ec900000,0x00000000ec900000,0x00000000ecb80000)
  to   space 2560K, 0% used [0x00000000ec680000,0x00000000ec680000,0x00000000ec900000)
 ParOldGen       total 41984K, used 0K [0x00000000c2400000, 0x00000000c4d00000, 0x00000000eb680000)
  object space 41984K, 0% used [0x00000000c2400000,0x00000000c2400000,0x00000000c4d00000)
 PSPermGen       total 21504K, used 11672K [0x00000000bd200000, 0x00000000be700000, 0x00000000c2400000)
  object space 21504K, 54% used [0x00000000bd200000,0x00000000bdd66160,0x00000000be700000)
Event: 1.450 GC heap after
Heap after GC invocations=1 (full 0):
 PSYoungGen      total 18944K, used 2542K [0x00000000eb680000, 0x00000000ecb80000, 0x0000000100000000)
  eden space 16384K, 0% used [0x00000000eb680000,0x00000000eb680000,0x00000000ec680000)
  from space 2560K, 99% used [0x00000000ec680000,0x00000000ec8fbb98,0x00000000ec900000)
  to   space 2560K, 0% used [0x00000000ec900000,0x00000000ec900000,0x00000000ecb80000)
 ParOldGen       total 41984K, used 418K [0x00000000c2400000, 0x00000000c4d00000, 0x00000000eb680000)
  object space 41984K, 0% used [0x00000000c2400000,0x00000000c2468888,0x00000000c4d00000)
 PSPermGen       total 21504K, used 11672K [0x00000000bd200000, 0x00000000be700000, 0x00000000c2400000)
  object space 21504K, 54% used [0x00000000bd200000,0x00000000bdd66160,0x00000000be700000)
}
Event: 1.641 GC heap before
{Heap before GC invocations=2 (full 0):
 PSYoungGen      total 18944K, used 18926K [0x00000000eb680000, 0x00000000ecb80000, 0x0000000100000000)
  eden space 16384K, 100% used [0x00000000eb680000,0x00000000ec680000,0x00000000ec680000)
  from space 2560K, 99% used [0x00000000ec680000,0x00000000ec8fbb98,0x00000000ec900000)
  to   space 2560K, 0% used [0x00000000ec900000,0x00000000ec900000,0x00000000ecb80000)
 ParOldGen       total 41984K, used 418K [0x00000000c2400000, 0x00000000c4d00000, 0x00000000eb680000)
  object space 41984K, 0% used [0x00000000c2400000,0x00000000c2468888,0x00000000c4d00000)
 PSPermGen       total 21504K, used 11762K [0x00000000bd200000, 0x00000000be700000, 0x00000000c2400000)
  object space 21504K, 54% used [0x00000000bd200000,0x00000000bdd7ca68,0x00000000be700000)
Event: 1.649 GC heap after
Heap after GC invocations=2 (full 0):
 PSYoungGen      total 18944K, used 2534K [0x00000000eb680000, 0x00000000edb80000, 0x0000000100000000)
  eden space 16384K, 0% used [0x00000000eb680000,0x00000000eb680000,0x00000000ec680000)
  from space 2560K, 98% used [0x00000000ec900000,0x00000000ecb798a0,0x00000000ecb80000)
  to   space 2560K, 0% used [0x00000000ec680000,0x00000000ec680000,0x00000000ec900000)
 ParOldGen       total 41984K, used 418K [0x00000000c2400000, 0x00000000c4d00000, 0x00000000eb680000)
  object space 41984K, 0% used [0x00000000c2400000,0x00000000c2468888,0x00000000c4d00000)
 PSPermGen       total 21504K, used 11762K [0x00000000bd200000, 0x00000000be700000, 0x00000000c2400000)
  object space 21504K, 54% used [0x00000000bd200000,0x00000000bdd7ca68,0x00000000be700000)
}
Event: 1.802 GC heap before
{Heap before GC invocations=3 (full 0):
 PSYoungGen      total 18944K, used 18918K [0x00000000eb680000, 0x00000000edb80000, 0x0000000100000000)
  eden space 16384K, 100% used [0x00000000eb680000,0x00000000ec680000,0x00000000ec680000)
  from space 2560K, 98% used [0x00000000ec900000,0x00000000ecb798a0,0x00000000ecb80000)
  to   space 2560K, 0% used [0x00000000ec680000,0x00000000ec680000,0x00000000ec900000)
 ParOldGen       total 41984K, used 418K [0x00000000c2400000, 0x00000000c4d00000, 0x00000000eb680000)
  object space 41984K, 0% used [0x00000000c2400000,0x00000000c2468888,0x00000000c4d00000)
 PSPermGen       total 21504K, used 11767K [0x00000000bd200000, 0x00000000be700000, 0x00000000c2400000)
  object space 21504K, 54% used [0x00000000bd200000,0x00000000bdd7dc88,0x00000000be700000)
Event: 1.809 GC heap after
Heap after GC invocations=3 (full 0):
 PSYoungGen      total 18944K, used 2433K [0x00000000eb680000, 0x00000000edb80000, 0x0000000100000000)
  eden space 16384K, 0% used [0x00000000eb680000,0x00000000eb680000,0x00000000ec680000)
  from space 2560K, 95% used [0x00000000ec680000,0x00000000ec8e0740,0x00000000ec900000)
  to   space 2560K, 0% used [0x00000000ed900000,0x00000000ed900000,0x00000000edb80000)
 ParOldGen       total 41984K, used 418K [0x00000000c2400000, 0x00000000c4d00000, 0x00000000eb680000)
  object space 41984K, 0% used [0x00000000c2400000,0x00000000c2468888,0x00000000c4d00000)
 PSPermGen       total 21504K, used 11767K [0x00000000bd200000, 0x00000000be700000, 0x00000000c2400000)
  object space 21504K, 54% used [0x00000000bd200000,0x00000000bdd7dc88,0x00000000be700000)
}

