# JRE version: Java(TM) SE Runtime Environment (7.0_67-b01) (build 1.7.0_67-b01)
# Java VM: Java HotSpot(TM) 64-Bit Server VM (24.65-b04 mixed mode windows-amd64 compressed oops)
Heap
 PSYoungGen      total 18944K, used 4844K [0x00000000eb680000, 0x00000000edb80000, 0x0000000100000000)
  eden space 16384K, 14% used [0x00000000eb680000,0x00000000eb8da938,0x00000000ec680000)
  from space 2560K, 95% used [0x00000000ec680000,0x00000000ec8e0740,0x00000000ec900000)
  to   space 2560K, 0% used [0x00000000ed900000,0x00000000ed900000,0x00000000edb80000)
 ParOldGen       total 41984K, used 387K [0x00000000c2400000, 0x00000000c4d00000, 0x00000000eb680000)
  object space 41984K, 0% used [0x00000000c2400000,0x00000000c2460ec8,0x00000000c4d00000)
 PSPermGen       total 21504K, used 14028K [0x00000000bd200000, 0x00000000be700000, 0x00000000c2400000)
  object space 21504K, 65% used [0x00000000bd200000,0x00000000bdfb3108,0x00000000be700000)
GC Heap History (6 events):
Event: 1.164 GC heap before
{Heap before GC invocations=1 (full 0):
 PSYoungGen      total 18944K, used 16384K [0x00000000eb680000, 0x00000000ecb80000, 0x0000000100000000)
  eden space 16384K, 100% used [0x00000000eb680000,0x00000000ec680000,0x00000000ec680000)
  from space 2560K, 0% used [0x00000000ec900000,0x00000000ec900000,0x00000000ecb80000)
  to   space 2560K, 0% used [0x00000000ec680000,0x00000000ec680000,0x00000000ec900000)
 ParOldGen       total 41984K, used 0K [0x00000000c2400000, 0x00000000c4d00000, 0x00000000eb680000)
  object space 41984K, 0% used [0x00000000c2400000,0x00000000c2400000,0x00000000c4d00000)
 PSPermGen       total 21504K, used 11671K [0x00000000bd200000, 0x00000000be700000, 0x00000000c2400000)
  object space 21504K, 54% used [0x00000000bd200000,0x00000000bdd65fb8,0x00000000be700000)
Event: 1.173 GC heap after
Heap after GC invocations=1 (full 0):
 PSYoungGen      total 18944K, used 2552K [0x00000000eb680000, 0x00000000ecb80000, 0x0000000100000000)
  eden space 16384K, 0% used [0x00000000eb680000,0x00000000eb680000,0x00000000ec680000)
  from space 2560K, 99% used [0x00000000ec680000,0x00000000ec8fe0a0,0x00000000ec900000)
  to   space 2560K, 0% used [0x00000000ec900000,0x00000000ec900000,0x00000000ecb80000)
 ParOldGen       total 41984K, used 387K [0x00000000c2400000, 0x00000000c4d00000, 0x00000000eb680000)
  object space 41984K, 0% used [0x00000000c2400000,0x00000000c2460ec8,0x00000000c4d00000)
 PSPermGen       total 21504K, used 11671K [0x00000000bd200000, 0x00000000be700000, 0x00000000c2400000)
  object space 21504K, 54% used [0x00000000bd200000,0x00000000bdd65fb8,0x00000000be700000)
}
Event: 1.357 GC heap before
{Heap before GC invocations=2 (full 0):
 PSYoungGen      total 18944K, used 18936K [0x00000000eb680000, 0x00000000ecb80000, 0x0000000100000000)
  eden space 16384K, 100% used [0x00000000eb680000,0x00000000ec680000,0x00000000ec680000)
  from space 2560K, 99% used [0x00000000ec680000,0x00000000ec8fe0a0,0x00000000ec900000)
  to   space 2560K, 0% used [0x00000000ec900000,0x00000000ec900000,0x00000000ecb80000)
 ParOldGen       total 41984K, used 387K [0x00000000c2400000, 0x00000000c4d00000, 0x00000000eb680000)
  object space 41984K, 0% used [0x00000000c2400000,0x00000000c2460ec8,0x00000000c4d00000)
 PSPermGen       total 21504K, used 11762K [0x00000000bd200000, 0x00000000be700000, 0x00000000c2400000)
  object space 21504K, 54% used [0x00000000bd200000,0x00000000bdd7c8c0,0x00000000be700000)
Event: 1.366 GC heap after
Heap after GC invocations=2 (full 0):
 PSYoungGen      total 18944K, used 2534K [0x00000000eb680000, 0x00000000edb80000, 0x0000000100000000)
  eden space 16384K, 0% used [0x00000000eb680000,0x00000000eb680000,0x00000000ec680000)
  from space 2560K, 98% used [0x00000000ec900000,0x00000000ecb798a0,0x00000000ecb80000)
  to   space 2560K, 0% used [0x00000000ec680000,0x00000000ec680000,0x00000000ec900000)
 ParOldGen       total 41984K, used 387K [0x00000000c2400000, 0x00000000c4d00000, 0x00000000eb680000)
  object space 41984K, 0% used [0x00000000c2400000,0x00000000c2460ec8,0x00000000c4d00000)
 PSPermGen       total 21504K, used 11762K [0x00000000bd200000, 0x00000000be700000, 0x00000000c2400000)
  object space 21504K, 54% used [0x00000000bd200000,0x00000000bdd7c8c0,0x00000000be700000)
}
Event: 1.532 GC heap before
{Heap before GC invocations=3 (full 0):
 PSYoungGen      total 18944K, used 18918K [0x00000000eb680000, 0x00000000edb80000, 0x0000000100000000)
  eden space 16384K, 100% used [0x00000000eb680000,0x00000000ec680000,0x00000000ec680000)
  from space 2560K, 98% used [0x00000000ec900000,0x00000000ecb798a0,0x00000000ecb80000)
  to   space 2560K, 0% used [0x00000000ec680000,0x00000000ec680000,0x00000000ec900000)
 ParOldGen       total 41984K, used 387K [0x00000000c2400000, 0x00000000c4d00000, 0x00000000eb680000)
  object space 41984K, 0% used [0x00000000c2400000,0x00000000c2460ec8,0x00000000c4d00000)
 PSPermGen       total 21504K, used 11775K [0x00000000bd200000, 0x00000000be700000, 0x00000000c2400000)
  object space 21504K, 54% used [0x00000000bd200000,0x00000000bdd7ffe0,0x00000000be700000)
Event: 1.539 GC heap after
Heap after GC invocations=3 (full 0):
 PSYoungGen      total 18944K, used 2433K [0x00000000eb680000, 0x00000000edb80000, 0x0000000100000000)
  eden space 16384K, 0% used [0x00000000eb680000,0x00000000eb680000,0x00000000ec680000)
  from space 2560K, 95% used [0x00000000ec680000,0x00000000ec8e0740,0x00000000ec900000)
  to   space 2560K, 0% used [0x00000000ed900000,0x00000000ed900000,0x00000000edb80000)
 ParOldGen       total 41984K, used 387K [0x00000000c2400000, 0x00000000c4d00000, 0x00000000eb680000)
  object space 41984K, 0% used [0x00000000c2400000,0x00000000c2460ec8,0x00000000c4d00000)
 PSPermGen       total 21504K, used 11775K [0x00000000bd200000, 0x00000000be700000, 0x00000000c2400000)
  object space 21504K, 54% used [0x00000000bd200000,0x00000000bdd7ffe0,0x00000000be700000)
}

